<?xml version="1.0" encoding="utf-8"?>
<testsuites>
    <testsuite name="pytest" errors="0" failures="0" skipped="0" tests="4000" time="3597.250" timestamp="2022-11-11T15:06:11.960869" hostname="DESKTOP-CSO2NAJ">
        <testcase classname="tests.component.API.test_0" name="test_case_215" time="0.598" />
        <testcase classname="tests.component.API.test_0" name="test_case_291" time="0.601" />
        <testcase classname="tests.component.API.test_0" name="test_case_303" time="0.204" />
        <testcase classname="tests.component.API.test_0" name="test_case_331" time="0.201" /><testcase classname="tests.component.API.test_0" name="test_case_435" time="0.511" /><testcase classname="tests.component.API.test_0" name="test_case_647" time="0.187" /><testcase classname="tests.component.API.test_0" name="test_case_937" time="0.155" /><testcase classname="tests.component.API.test_0" name="test_case_993" time="0.932" /><testcase classname="tests.component.API.test_1" name="test_case_433" time="0.280" /><testcase classname="tests.component.API.test_1" name="test_case_568" time="0.924" /><testcase classname="tests.component.API.test_1" name="test_case_622" time="0.595" /><testcase classname="tests.component.API.test_1" name="test_case_912" time="0.485" /><testcase classname="tests.component.API.test_1" name="test_case_941" time="0.469" /><testcase classname="tests.component.API.test_2" name="test_case_312" time="0.107" /><testcase classname="tests.component.API.test_2" name="test_case_472" time="0.763" /><testcase classname="tests.component.API.test_2" name="test_case_628" time="0.825" /><testcase classname="tests.component.API.test_2" name="test_case_700" time="0.154" /><testcase classname="tests.component.API.test_2" name="test_case_976" time="0.795" /><testcase classname="tests.component.API.test_3" name="test_case_226" time="0.511" /><testcase classname="tests.component.API.test_3" name="test_case_350" time="0.686" /><testcase classname="tests.component.API.test_3" name="test_case_542" time="0.817" /><testcase classname="tests.component.API.test_3" name="test_case_563" time="0.904" /><testcase classname="tests.component.API.test_4" name="test_case_77" time="0.812" /><testcase classname="tests.component.API.test_4" name="test_case_162" time="0.530" /><testcase classname="tests.component.API.test_4" name="test_case_183" time="0.840" /><testcase classname="tests.component.API.test_4" name="test_case_253" time="0.630" /><testcase classname="tests.component.API.test_4" name="test_case_384" time="0.721" /><testcase classname="tests.component.API.test_4" name="test_case_441" time="0.973" /><testcase classname="tests.component.API.test_4" name="test_case_514" time="0.990" /><testcase classname="tests.component.API.test_4" name="test_case_722" time="0.844" /><testcase classname="tests.component.API.test_4" name="test_case_855" time="0.248" /><testcase classname="tests.component.API.test_4" name="test_case_956" time="0.298" /><testcase classname="tests.component.API.test_5" name="test_case_52" time="0.805" /><testcase classname="tests.component.API.test_5" name="test_case_99" time="0.452" /><testcase classname="tests.component.API.test_5" name="test_case_442" time="0.799" /><testcase classname="tests.component.API.test_5" name="test_case_468" time="0.890" /><testcase classname="tests.component.API.test_5" name="test_case_934" time="0.855" /><testcase classname="tests.component.API.test_5" name="test_case_942" time="0.268" /><testcase classname="tests.component.API.test_6" name="test_case_151" time="0.141" /><testcase classname="tests.component.API.test_6" name="test_case_181" time="0.871" /><testcase classname="tests.component.API.test_6" name="test_case_225" time="0.575" /><testcase classname="tests.component.API.test_6" name="test_case_247" time="0.607" /><testcase classname="tests.component.API.test_6" name="test_case_328" time="0.482" /><testcase classname="tests.component.API.test_6" name="test_case_558" time="0.327" /><testcase classname="tests.component.API.test_6" name="test_case_573" time="0.203" /><testcase classname="tests.component.API.test_6" name="test_case_612" time="0.694" /><testcase classname="tests.component.API.test_6" name="test_case_680" time="0.530" /><testcase classname="tests.component.API.test_6" name="test_case_820" time="0.246" /><testcase classname="tests.component.API.test_6" name="test_case_983" time="0.815" /><testcase classname="tests.component.API.test_7" name="test_case_47" time="0.262" /><testcase classname="tests.component.API.test_7" name="test_case_176" time="0.235" /><testcase classname="tests.component.API.test_7" name="test_case_254" time="0.172" /><testcase classname="tests.component.API.test_7" name="test_case_401" time="0.324" /><testcase classname="tests.component.API.test_7" name="test_case_426" time="0.985" /><testcase classname="tests.component.API.test_7" name="test_case_682" time="0.419" /><testcase classname="tests.component.API.test_7" name="test_case_954" time="0.451" /><testcase classname="tests.component.API.test_8" name="test_case_62" time="0.217" /><testcase classname="tests.component.API.test_8" name="test_case_113" time="0.379" /><testcase classname="tests.component.API.test_8" name="test_case_333" time="1.011" /><testcase classname="tests.component.API.test_8" name="test_case_343" time="0.527" /><testcase classname="tests.component.API.test_8" name="test_case_359" time="0.250" /><testcase classname="tests.component.API.test_8" name="test_case_445" time="0.825" /><testcase classname="tests.component.API.test_8" name="test_case_478" time="0.513" /><testcase classname="tests.component.API.test_8" name="test_case_633" time="0.482" /><testcase classname="tests.component.API.test_8" name="test_case_898" time="0.670" /><testcase classname="tests.component.API.test_9" name="test_case_87" time="0.280" /><testcase classname="tests.component.API.test_9" name="test_case_374" time="0.154" /><testcase classname="tests.component.API.test_9" name="test_case_397" time="0.631" /><testcase classname="tests.component.cli.test_0" name="test_case_193" time="0.309" /><testcase classname="tests.component.cli.test_0" name="test_case_281" time="0.281" /><testcase classname="tests.component.cli.test_0" name="test_case_306" time="0.638" /><testcase classname="tests.component.cli.test_0" name="test_case_617" time="0.139" /><testcase classname="tests.component.cli.test_0" name="test_case_624" time="0.249" /><testcase classname="tests.component.cli.test_0" name="test_case_635" time="0.260" /><testcase classname="tests.component.cli.test_0" name="test_case_784" time="0.878" /><testcase classname="tests.component.cli.test_0" name="test_case_973" time="0.356" /><testcase classname="tests.component.cli.test_1" name="test_case_39" time="0.973" /><testcase classname="tests.component.cli.test_1" name="test_case_136" time="0.202" /><testcase classname="tests.component.cli.test_2" name="test_case_17" time="0.954" /><testcase classname="tests.component.cli.test_2" name="test_case_95" time="0.234" /><testcase classname="tests.component.cli.test_2" name="test_case_154" time="0.138" /><testcase classname="tests.component.cli.test_2" name="test_case_169" time="0.559" /><testcase classname="tests.component.cli.test_2" name="test_case_206" time="0.936" /><testcase classname="tests.component.cli.test_2" name="test_case_345" time="0.357" /><testcase classname="tests.component.cli.test_2" name="test_case_412" time="0.170" /><testcase classname="tests.component.cli.test_2" name="test_case_449" time="0.842" /><testcase classname="tests.component.cli.test_3" name="test_case_12" time="0.931" /><testcase classname="tests.component.cli.test_3" name="test_case_42" time="0.786" /><testcase classname="tests.component.cli.test_3" name="test_case_213" time="0.453" /><testcase classname="tests.component.cli.test_3" name="test_case_308" time="0.140" /><testcase classname="tests.component.cli.test_3" name="test_case_424" time="0.732" /><testcase classname="tests.component.cli.test_3" name="test_case_446" time="0.812" /><testcase classname="tests.component.cli.test_3" name="test_case_495" time="0.419" /><testcase classname="tests.component.cli.test_3" name="test_case_651" time="0.995" /><testcase classname="tests.component.cli.test_3" name="test_case_858" time="0.218" /><testcase classname="tests.component.cli.test_3" name="test_case_999" time="0.778" /><testcase classname="tests.component.cli.test_4" name="test_case_53" time="0.405" /><testcase classname="tests.component.cli.test_4" name="test_case_128" time="0.262" /><testcase classname="tests.component.cli.test_4" name="test_case_173" time="0.860" /><testcase classname="tests.component.cli.test_4" name="test_case_329" time="0.470" /><testcase classname="tests.component.cli.test_4" name="test_case_335" time="0.846" /><testcase classname="tests.component.cli.test_4" name="test_case_703" time="0.812" /><testcase classname="tests.component.cli.test_4" name="test_case_728" time="0.341" /><testcase classname="tests.component.cli.test_4" name="test_case_808" time="0.700" /><testcase classname="tests.component.cli.test_4" name="test_case_811" time="0.345" /><testcase classname="tests.component.cli.test_4" name="test_case_914" time="1.002" /><testcase classname="tests.component.cli.test_4" name="test_case_978" time="0.404" /><testcase classname="tests.component.cli.test_5" name="test_case_23" time="0.941" /><testcase classname="tests.component.cli.test_5" name="test_case_339" time="0.893" /><testcase classname="tests.component.cli.test_5" name="test_case_488" time="0.824" /><testcase classname="tests.component.cli.test_5" name="test_case_598" time="1.008" /><testcase classname="tests.component.cli.test_5" name="test_case_704" time="0.342" /><testcase classname="tests.component.cli.test_5" name="test_case_762" time="0.764" /><testcase classname="tests.component.cli.test_5" name="test_case_876" time="0.636" /><testcase classname="tests.component.cli.test_5" name="test_case_994" time="0.483" /><testcase classname="tests.component.cli.test_6" name="test_case_156" time="0.153" /><testcase classname="tests.component.cli.test_6" name="test_case_399" time="0.853" /><testcase classname="tests.component.cli.test_6" name="test_case_507" time="0.281" /><testcase classname="tests.component.cli.test_6" name="test_case_566" time="0.999" /><testcase classname="tests.component.cli.test_6" name="test_case_590" time="1.000" /><testcase classname="tests.component.cli.test_6" name="test_case_627" time="0.995" /><testcase classname="tests.component.cli.test_6" name="test_case_679" time="0.266" /><testcase classname="tests.component.cli.test_7" name="test_case_68" time="0.731" /><testcase classname="tests.component.cli.test_7" name="test_case_152" time="0.736" /><testcase classname="tests.component.cli.test_7" name="test_case_325" time="0.580" /><testcase classname="tests.component.cli.test_7" name="test_case_389" time="0.749" /><testcase classname="tests.component.cli.test_7" name="test_case_402" time="0.590" /><testcase classname="tests.component.cli.test_7" name="test_case_498" time="0.263" /><testcase classname="tests.component.cli.test_7" name="test_case_792" time="1.007" /><testcase classname="tests.component.cli.test_7" name="test_case_838" time="0.989" /><testcase classname="tests.component.cli.test_7" name="test_case_892" time="0.109" /><testcase classname="tests.component.cli.test_7" name="test_case_964" time="0.817" /><testcase classname="tests.component.cli.test_8" name="test_case_245" time="0.138" /><testcase classname="tests.component.cli.test_8" name="test_case_265" time="0.935" /><testcase classname="tests.component.cli.test_8" name="test_case_557" time="0.124" /><testcase classname="tests.component.cli.test_8" name="test_case_608" time="0.407" /><testcase classname="tests.component.cli.test_8" name="test_case_908" time="0.138" /><testcase classname="tests.component.cli.test_8" name="test_case_938" time="0.562" /><testcase classname="tests.component.cli.test_9" name="test_case_98" time="0.902" /><testcase classname="tests.component.cli.test_9" name="test_case_259" time="0.514" /><testcase classname="tests.component.cli.test_9" name="test_case_284" time="0.234" /><testcase classname="tests.component.cli.test_9" name="test_case_323" time="0.186" /><testcase classname="tests.component.cli.test_9" name="test_case_496" time="0.959" /><testcase classname="tests.component.cli.test_9" name="test_case_772" time="0.507" /><testcase classname="tests.component.cli.test_9" name="test_case_831" time="0.735" /><testcase classname="tests.component.core.test_0" name="test_case_317" time="0.517" /><testcase classname="tests.component.core.test_0" name="test_case_340" time="0.419" /><testcase classname="tests.component.core.test_0" name="test_case_429" time="0.326" /><testcase classname="tests.component.core.test_0" name="test_case_466" time="0.344" /><testcase classname="tests.component.core.test_0" name="test_case_626" time="0.904" /><testcase classname="tests.component.core.test_0" name="test_case_699" time="0.734" /><testcase classname="tests.component.core.test_1" name="test_case_34" time="0.935" /><testcase classname="tests.component.core.test_1" name="test_case_46" time="0.592" /><testcase classname="tests.component.core.test_1" name="test_case_75" time="0.468" /><testcase classname="tests.component.core.test_1" name="test_case_145" time="0.644" /><testcase classname="tests.component.core.test_1" name="test_case_227" time="0.498" /><testcase classname="tests.component.core.test_1" name="test_case_250" time="0.564" /><testcase classname="tests.component.core.test_1" name="test_case_398" time="0.755" /><testcase classname="tests.component.core.test_1" name="test_case_540" time="0.632" /><testcase classname="tests.component.core.test_1" name="test_case_676" time="0.717" /><testcase classname="tests.component.core.test_1" name="test_case_848" time="0.787" /><testcase classname="tests.component.core.test_1" name="test_case_865" time="0.408" /><testcase classname="tests.component.core.test_2" name="test_case_192" time="0.345" /><testcase classname="tests.component.core.test_2" name="test_case_268" time="1.003" /><testcase classname="tests.component.core.test_2" name="test_case_561" time="0.629" /><testcase classname="tests.component.core.test_2" name="test_case_578" time="0.442" /><testcase classname="tests.component.core.test_2" name="test_case_593" time="0.454" /><testcase classname="tests.component.core.test_2" name="test_case_701" time="0.156" /><testcase classname="tests.component.core.test_3" name="test_case_217" time="0.390" /><testcase classname="tests.component.core.test_3" name="test_case_385" time="0.534" /><testcase classname="tests.component.core.test_3" name="test_case_421" time="0.187" /><testcase classname="tests.component.core.test_3" name="test_case_988" time="0.887" /><testcase classname="tests.component.core.test_4" name="test_case_0" time="0.874" /><testcase classname="tests.component.core.test_4" name="test_case_174" time="0.871" /><testcase classname="tests.component.core.test_4" name="test_case_460" time="0.766" /><testcase classname="tests.component.core.test_4" name="test_case_619" time="0.155" /><testcase classname="tests.component.core.test_4" name="test_case_688" time="0.293" /><testcase classname="tests.component.core.test_4" name="test_case_785" time="0.689" /><testcase classname="tests.component.core.test_4" name="test_case_867" time="0.908" /><testcase classname="tests.component.core.test_4" name="test_case_935" time="0.796" /><testcase classname="tests.component.core.test_4" name="test_case_944" time="0.543" /><testcase classname="tests.component.core.test_4" name="test_case_977" time="0.734" /><testcase classname="tests.component.core.test_5" name="test_case_149" time="0.447" /><testcase classname="tests.component.core.test_5" name="test_case_527" time="0.997" /><testcase classname="tests.component.core.test_5" name="test_case_600" time="0.420" /><testcase classname="tests.component.core.test_5" name="test_case_644" time="0.233" /><testcase classname="tests.component.core.test_5" name="test_case_862" time="0.141" /><testcase classname="tests.component.core.test_5" name="test_case_951" time="0.375" /><testcase classname="tests.component.core.test_5" name="test_case_967" time="0.440" /><testcase classname="tests.component.core.test_6" name="test_case_54" time="0.168" /><testcase classname="tests.component.core.test_6" name="test_case_76" time="0.409" /><testcase classname="tests.component.core.test_6" name="test_case_119" time="0.783" /><testcase classname="tests.component.core.test_6" name="test_case_147" time="0.572" /><testcase classname="tests.component.core.test_6" name="test_case_290" time="0.722" /><testcase classname="tests.component.core.test_6" name="test_case_363" time="0.984" /><testcase classname="tests.component.core.test_6" name="test_case_764" time="0.576" /><testcase classname="tests.component.core.test_6" name="test_case_807" time="0.469" /><testcase classname="tests.component.core.test_6" name="test_case_815" time="0.892" /><testcase classname="tests.component.core.test_6" name="test_case_840" time="0.932" /><testcase classname="tests.component.core.test_6" name="test_case_906" time="0.250" /><testcase classname="tests.component.core.test_7" name="test_case_127" time="0.374" /><testcase classname="tests.component.core.test_7" name="test_case_659" time="0.714" /><testcase classname="tests.component.core.test_7" name="test_case_706" time="0.478" /><testcase classname="tests.component.core.test_7" name="test_case_780" time="0.801" /><testcase classname="tests.component.core.test_8" name="test_case_7" time="0.738" /><testcase classname="tests.component.core.test_8" name="test_case_61" time="0.184" /><testcase classname="tests.component.core.test_8" name="test_case_163" time="0.543" /><testcase classname="tests.component.core.test_8" name="test_case_273" time="0.407" /><testcase classname="tests.component.core.test_8" name="test_case_698" time="0.967" /><testcase classname="tests.component.core.test_8" name="test_case_743" time="0.968" /><testcase classname="tests.component.core.test_8" name="test_case_827" time="0.919" /><testcase classname="tests.component.core.test_8" name="test_case_907" time="0.964" /><testcase classname="tests.component.core.test_8" name="test_case_909" time="0.841" /><testcase classname="tests.component.core.test_8" name="test_case_982" time="0.642" /><testcase classname="tests.component.core.test_9" name="test_case_231" time="0.894" /><testcase classname="tests.component.core.test_9" name="test_case_508" time="0.520" /><testcase classname="tests.component.core.test_9" name="test_case_602" time="0.591" /><testcase classname="tests.component.core.test_9" name="test_case_667" time="0.910" /><testcase classname="tests.component.core.test_9" name="test_case_707" time="0.912" /><testcase classname="tests.component.core.test_9" name="test_case_806" time="0.317" /><testcase classname="tests.component.data.test_0" name="test_case_30" time="0.764" /><testcase classname="tests.component.data.test_0" name="test_case_109" time="0.532" /><testcase classname="tests.component.data.test_0" name="test_case_124" time="0.301" /><testcase classname="tests.component.data.test_0" name="test_case_280" time="0.423" /><testcase classname="tests.component.data.test_0" name="test_case_314" time="0.862" /><testcase classname="tests.component.data.test_0" name="test_case_497" time="0.418" /><testcase classname="tests.component.data.test_0" name="test_case_652" time="0.639" /><testcase classname="tests.component.data.test_0" name="test_case_672" time="0.656" /><testcase classname="tests.component.data.test_0" name="test_case_768" time="0.680" /><testcase classname="tests.component.data.test_0" name="test_case_804" time="0.203" /><testcase classname="tests.component.data.test_0" name="test_case_918" time="0.188" /><testcase classname="tests.component.data.test_0" name="test_case_955" time="0.125" /><testcase classname="tests.component.data.test_1" name="test_case_678" time="0.783" /><testcase classname="tests.component.data.test_1" name="test_case_766" time="0.374" /><testcase classname="tests.component.data.test_1" name="test_case_895" time="0.574" /><testcase classname="tests.component.data.test_2" name="test_case_131" time="0.344" /><testcase classname="tests.component.data.test_2" name="test_case_310" time="0.578" /><testcase classname="tests.component.data.test_2" name="test_case_320" time="0.136" /><testcase classname="tests.component.data.test_2" name="test_case_327" time="0.515" /><testcase classname="tests.component.data.test_2" name="test_case_341" time="1.000" /><testcase classname="tests.component.data.test_2" name="test_case_423" time="0.764" /><testcase classname="tests.component.data.test_2" name="test_case_646" time="0.156" /><testcase classname="tests.component.data.test_2" name="test_case_649" time="0.278" /><testcase classname="tests.component.data.test_2" name="test_case_718" time="0.296" /><testcase classname="tests.component.data.test_2" name="test_case_725" time="0.909" /><testcase classname="tests.component.data.test_2" name="test_case_757" time="0.142" /><testcase classname="tests.component.data.test_3" name="test_case_24" time="0.976" /><testcase classname="tests.component.data.test_3" name="test_case_203" time="0.595" /><testcase classname="tests.component.data.test_3" name="test_case_270" time="0.842" /><testcase classname="tests.component.data.test_3" name="test_case_432" time="0.234" /><testcase classname="tests.component.data.test_3" name="test_case_475" time="0.863" /><testcase classname="tests.component.data.test_3" name="test_case_502" time="0.109" /><testcase classname="tests.component.data.test_3" name="test_case_518" time="0.578" /><testcase classname="tests.component.data.test_3" name="test_case_629" time="0.559" /><testcase classname="tests.component.data.test_3" name="test_case_684" time="0.686" /><testcase classname="tests.component.data.test_3" name="test_case_919" time="0.451" /><testcase classname="tests.component.data.test_4" name="test_case_71" time="0.919" /><testcase classname="tests.component.data.test_4" name="test_case_222" time="0.677" /><testcase classname="tests.component.data.test_4" name="test_case_275" time="0.566" /><testcase classname="tests.component.data.test_4" name="test_case_538" time="0.833" /><testcase classname="tests.component.data.test_4" name="test_case_760" time="0.157" /><testcase classname="tests.component.data.test_4" name="test_case_910" time="0.896" /><testcase classname="tests.component.data.test_5" name="test_case_346" time="0.882" /><testcase classname="tests.component.data.test_5" name="test_case_560" time="0.453" /><testcase classname="tests.component.data.test_5" name="test_case_585" time="0.685" /><testcase classname="tests.component.data.test_5" name="test_case_853" time="0.897" /><testcase classname="tests.component.data.test_5" name="test_case_901" time="0.771" /><testcase classname="tests.component.data.test_6" name="test_case_110" time="0.345" /><testcase classname="tests.component.data.test_6" name="test_case_318" time="0.990" /><testcase classname="tests.component.data.test_6" name="test_case_595" time="0.409" /><testcase classname="tests.component.data.test_7" name="test_case_60" time="0.186" /><testcase classname="tests.component.data.test_7" name="test_case_73" time="0.279" /><testcase classname="tests.component.data.test_7" name="test_case_179" time="0.627" /><testcase classname="tests.component.data.test_7" name="test_case_503" time="0.283" /><testcase classname="tests.component.data.test_7" name="test_case_549" time="0.835" /><testcase classname="tests.component.data.test_7" name="test_case_613" time="0.331" /><testcase classname="tests.component.data.test_7" name="test_case_618" time="0.986" /><testcase classname="tests.component.data.test_7" name="test_case_866" time="0.735" /><testcase classname="tests.component.data.test_8" name="test_case_66" time="0.511" /><testcase classname="tests.component.data.test_8" name="test_case_88" time="0.829" /><testcase classname="tests.component.data.test_8" name="test_case_89" time="0.577" /><testcase classname="tests.component.data.test_8" name="test_case_219" time="0.920" /><testcase classname="tests.component.data.test_8" name="test_case_238" time="0.634" /><testcase classname="tests.component.data.test_8" name="test_case_461" time="0.985" /><testcase classname="tests.component.data.test_8" name="test_case_467" time="0.487" /><testcase classname="tests.component.data.test_8" name="test_case_536" time="0.483" /><testcase classname="tests.component.data.test_8" name="test_case_575" time="0.716" /><testcase classname="tests.component.data.test_8" name="test_case_582" time="0.811" /><testcase classname="tests.component.data.test_9" name="test_case_3" time="0.780" /><testcase classname="tests.component.data.test_9" name="test_case_116" time="0.894" /><testcase classname="tests.component.data.test_9" name="test_case_221" time="0.422" /><testcase classname="tests.component.data.test_9" name="test_case_282" time="0.719" /><testcase classname="tests.component.data.test_9" name="test_case_400" time="0.154" /><testcase classname="tests.component.data.test_9" name="test_case_564" time="0.326" /><testcase classname="tests.component.data.test_9" name="test_case_637" time="0.904" /><testcase classname="tests.component.data.test_9" name="test_case_668" time="0.140" /><testcase classname="tests.component.data.test_9" name="test_case_716" time="0.886" /><testcase classname="tests.component.data.test_9" name="test_case_748" time="0.560" /><testcase classname="tests.component.database.test_0" name="test_case_9" time="0.706" /><testcase classname="tests.component.database.test_0" name="test_case_242" time="0.923" /><testcase classname="tests.component.database.test_0" name="test_case_332" time="0.328" /><testcase classname="tests.component.database.test_0" name="test_case_353" time="0.353" /><testcase classname="tests.component.database.test_0" name="test_case_415" time="0.847" /><testcase classname="tests.component.database.test_0" name="test_case_492" time="0.406" /><testcase classname="tests.component.database.test_0" name="test_case_559" time="0.156" /><testcase classname="tests.component.database.test_0" name="test_case_584" time="0.344" /><testcase classname="tests.component.database.test_0" name="test_case_639" time="0.154" /><testcase classname="tests.component.database.test_0" name="test_case_949" time="0.187" /><testcase classname="tests.component.database.test_0" name="test_case_952" time="0.903" /><testcase classname="tests.component.database.test_0" name="test_case_966" time="0.327" /><testcase classname="tests.component.database.test_1" name="test_case_167" time="0.407" /><testcase classname="tests.component.database.test_1" name="test_case_171" time="0.184" /><testcase classname="tests.component.database.test_1" name="test_case_239" time="0.920" /><testcase classname="tests.component.database.test_1" name="test_case_390" time="0.849" /><testcase classname="tests.component.database.test_1" name="test_case_458" time="0.526" /><testcase classname="tests.component.database.test_1" name="test_case_615" time="0.264" /><testcase classname="tests.component.database.test_1" name="test_case_636" time="0.516" /><testcase classname="tests.component.database.test_1" name="test_case_917" time="0.545" /><testcase classname="tests.component.database.test_2" name="test_case_130" time="0.886" /><testcase classname="tests.component.database.test_2" name="test_case_548" time="0.566" /><testcase classname="tests.component.database.test_2" name="test_case_610" time="0.978" /><testcase classname="tests.component.database.test_2" name="test_case_735" time="0.141" /><testcase classname="tests.component.database.test_2" name="test_case_758" time="0.466" /><testcase classname="tests.component.database.test_2" name="test_case_869" time="0.568" /><testcase classname="tests.component.database.test_2" name="test_case_891" time="0.520" /><testcase classname="tests.component.database.test_3" name="test_case_348" time="0.907" /><testcase classname="tests.component.database.test_3" name="test_case_611" time="0.769" /><testcase classname="tests.component.database.test_3" name="test_case_634" time="0.172" /><testcase classname="tests.component.database.test_3" name="test_case_666" time="0.206" /><testcase classname="tests.component.database.test_3" name="test_case_759" time="0.778" /><testcase classname="tests.component.database.test_3" name="test_case_786" time="0.187" /><testcase classname="tests.component.database.test_4" name="test_case_102" time="0.233" /><testcase classname="tests.component.database.test_4" name="test_case_347" time="0.699" /><testcase classname="tests.component.database.test_4" name="test_case_362" time="0.495" /><testcase classname="tests.component.database.test_4" name="test_case_368" time="0.981" /><testcase classname="tests.component.database.test_4" name="test_case_920" time="0.812" /><testcase classname="tests.component.database.test_4" name="test_case_939" time="0.468" /><testcase classname="tests.component.database.test_4" name="test_case_958" time="0.952" /><testcase classname="tests.component.database.test_5" name="test_case_40" time="0.878" /><testcase classname="tests.component.database.test_5" name="test_case_105" time="0.883" /><testcase classname="tests.component.database.test_5" name="test_case_198" time="0.579" /><testcase classname="tests.component.database.test_5" name="test_case_297" time="0.980" /><testcase classname="tests.component.database.test_5" name="test_case_383" time="0.791" /><testcase classname="tests.component.database.test_5" name="test_case_427" time="0.360" /><testcase classname="tests.component.database.test_5" name="test_case_546" time="0.812" /><testcase classname="tests.component.database.test_5" name="test_case_846" time="0.528" /><testcase classname="tests.component.database.test_5" name="test_case_970" time="0.327" /><testcase classname="tests.component.database.test_6" name="test_case_19" time="0.308" /><testcase classname="tests.component.database.test_6" name="test_case_117" time="0.452" /><testcase classname="tests.component.database.test_6" name="test_case_138" time="0.822" /><testcase classname="tests.component.database.test_6" name="test_case_191" time="0.375" /><testcase classname="tests.component.database.test_6" name="test_case_279" time="0.315" /><testcase classname="tests.component.database.test_6" name="test_case_408" time="0.939" /><testcase classname="tests.component.database.test_6" name="test_case_486" time="0.949" /><testcase classname="tests.component.database.test_6" name="test_case_533" time="0.170" /><testcase classname="tests.component.database.test_6" name="test_case_592" time="0.766" /><testcase classname="tests.component.database.test_6" name="test_case_810" time="0.231" /><testcase classname="tests.component.database.test_6" name="test_case_972" time="0.875" /><testcase classname="tests.component.database.test_7" name="test_case_78" time="0.167" /><testcase classname="tests.component.database.test_7" name="test_case_256" time="0.920" /><testcase classname="tests.component.database.test_7" name="test_case_319" time="0.188" /><testcase classname="tests.component.database.test_7" name="test_case_370" time="0.499" /><testcase classname="tests.component.database.test_7" name="test_case_484" time="0.403" /><testcase classname="tests.component.database.test_7" name="test_case_489" time="0.296" /><testcase classname="tests.component.database.test_7" name="test_case_632" time="0.784" /><testcase classname="tests.component.database.test_7" name="test_case_696" time="0.438" /><testcase classname="tests.component.database.test_7" name="test_case_830" time="0.110" /><testcase classname="tests.component.database.test_8" name="test_case_158" time="0.761" /><testcase classname="tests.component.database.test_8" name="test_case_207" time="0.896" /><testcase classname="tests.component.database.test_8" name="test_case_294" time="0.820" /><testcase classname="tests.component.database.test_8" name="test_case_324" time="0.894" /><testcase classname="tests.component.database.test_8" name="test_case_326" time="0.408" /><testcase classname="tests.component.database.test_8" name="test_case_391" time="0.361" /><testcase classname="tests.component.database.test_8" name="test_case_444" time="0.956" /><testcase classname="tests.component.database.test_8" name="test_case_555" time="0.125" /><testcase classname="tests.component.database.test_8" name="test_case_597" time="0.143" /><testcase classname="tests.component.database.test_8" name="test_case_663" time="0.579" /><testcase classname="tests.component.database.test_8" name="test_case_665" time="0.295" /><testcase classname="tests.component.database.test_8" name="test_case_861" time="0.732" /><testcase classname="tests.component.database.test_9" name="test_case_20" time="0.872" /><testcase classname="tests.component.database.test_9" name="test_case_373" time="0.124" /><testcase classname="tests.component.database.test_9" name="test_case_543" time="0.419" /><testcase classname="tests.component.database.test_9" name="test_case_705" time="0.483" /><testcase classname="tests.component.database.test_9" name="test_case_943" time="0.873" /><testcase classname="tests.component.exceptions.test_0" name="test_case_43" time="0.767" /><testcase classname="tests.component.exceptions.test_0" name="test_case_164" time="0.483" /><testcase classname="tests.component.exceptions.test_0" name="test_case_165" time="0.529" /><testcase classname="tests.component.exceptions.test_0" name="test_case_236" time="0.265" /><testcase classname="tests.component.exceptions.test_0" name="test_case_493" time="0.356" /><testcase classname="tests.component.exceptions.test_0" name="test_case_697" time="0.157" /><testcase classname="tests.component.exceptions.test_0" name="test_case_734" time="0.793" /><testcase classname="tests.component.exceptions.test_1" name="test_case_67" time="0.933" /><testcase classname="tests.component.exceptions.test_1" name="test_case_228" time="0.126" /><testcase classname="tests.component.exceptions.test_1" name="test_case_261" time="0.553" /><testcase classname="tests.component.exceptions.test_1" name="test_case_309" time="0.532" /><testcase classname="tests.component.exceptions.test_1" name="test_case_380" time="0.858" /><testcase classname="tests.component.exceptions.test_1" name="test_case_392" time="0.344" /><testcase classname="tests.component.exceptions.test_1" name="test_case_505" time="0.511" /><testcase classname="tests.component.exceptions.test_1" name="test_case_576" time="0.125" /><testcase classname="tests.component.exceptions.test_1" name="test_case_791" time="0.469" /><testcase classname="tests.component.exceptions.test_1" name="test_case_868" time="0.137" /><testcase classname="tests.component.exceptions.test_1" name="test_case_902" time="0.201" /><testcase classname="tests.component.exceptions.test_1" name="test_case_960" time="0.233" /><testcase classname="tests.component.exceptions.test_2" name="test_case_376" time="0.168" /><testcase classname="tests.component.exceptions.test_2" name="test_case_396" time="0.408" /><testcase classname="tests.component.exceptions.test_2" name="test_case_884" time="0.359" /><testcase classname="tests.component.exceptions.test_3" name="test_case_410" time="0.296" /><testcase classname="tests.component.exceptions.test_3" name="test_case_448" time="0.686" /><testcase classname="tests.component.exceptions.test_3" name="test_case_476" time="0.233" /><testcase classname="tests.component.exceptions.test_3" name="test_case_717" time="0.248" /><testcase classname="tests.component.exceptions.test_3" name="test_case_754" time="0.654" /><testcase classname="tests.component.exceptions.test_3" name="test_case_828" time="0.233" /><testcase classname="tests.component.exceptions.test_4" name="test_case_439" time="0.169" /><testcase classname="tests.component.exceptions.test_4" name="test_case_519" time="0.465" /><testcase classname="tests.component.exceptions.test_4" name="test_case_594" time="0.189" /><testcase classname="tests.component.exceptions.test_4" name="test_case_614" time="0.356" /><testcase classname="tests.component.exceptions.test_4" name="test_case_714" time="0.369" /><testcase classname="tests.component.exceptions.test_4" name="test_case_746" time="0.578" /><testcase classname="tests.component.exceptions.test_4" name="test_case_800" time="0.764" /><testcase classname="tests.component.exceptions.test_4" name="test_case_844" time="0.248" /><testcase classname="tests.component.exceptions.test_5" name="test_case_10" time="0.617" /><testcase classname="tests.component.exceptions.test_5" name="test_case_166" time="0.155" /><testcase classname="tests.component.exceptions.test_5" name="test_case_262" time="0.454" /><testcase classname="tests.component.exceptions.test_5" name="test_case_263" time="0.371" /><testcase classname="tests.component.exceptions.test_5" name="test_case_344" time="0.779" /><testcase classname="tests.component.exceptions.test_5" name="test_case_443" time="0.405" /><testcase classname="tests.component.exceptions.test_5" name="test_case_530" time="0.282" /><testcase classname="tests.component.exceptions.test_5" name="test_case_531" time="0.576" /><testcase classname="tests.component.exceptions.test_5" name="test_case_551" time="0.850" /><testcase classname="tests.component.exceptions.test_5" name="test_case_671" time="0.124" /><testcase classname="tests.component.exceptions.test_5" name="test_case_875" time="0.889" /><testcase classname="tests.component.exceptions.test_5" name="test_case_878" time="0.761" /><testcase classname="tests.component.exceptions.test_5" name="test_case_974" time="0.466" /><testcase classname="tests.component.exceptions.test_5" name="test_case_981" time="0.391" /><testcase classname="tests.component.exceptions.test_6" name="test_case_15" time="0.643" /><testcase classname="tests.component.exceptions.test_6" name="test_case_22" time="0.340" /><testcase classname="tests.component.exceptions.test_6" name="test_case_56" time="0.157" /><testcase classname="tests.component.exceptions.test_6" name="test_case_202" time="0.299" /><testcase classname="tests.component.exceptions.test_6" name="test_case_212" time="0.328" /><testcase classname="tests.component.exceptions.test_6" name="test_case_269" time="0.296" /><testcase classname="tests.component.exceptions.test_6" name="test_case_469" time="0.357" /><testcase classname="tests.component.exceptions.test_6" name="test_case_661" time="0.464" /><testcase classname="tests.component.exceptions.test_6" name="test_case_793" time="0.372" /><testcase classname="tests.component.exceptions.test_6" name="test_case_839" time="0.186" /><testcase classname="tests.component.exceptions.test_7" name="test_case_79" time="0.808" /><testcase classname="tests.component.exceptions.test_7" name="test_case_81" time="0.544" /><testcase classname="tests.component.exceptions.test_7" name="test_case_123" time="0.747" /><testcase classname="tests.component.exceptions.test_7" name="test_case_132" time="0.825" /><testcase classname="tests.component.exceptions.test_7" name="test_case_189" time="0.595" /><testcase classname="tests.component.exceptions.test_7" name="test_case_201" time="0.266" /><testcase classname="tests.component.exceptions.test_7" name="test_case_369" time="0.582" /><testcase classname="tests.component.exceptions.test_7" name="test_case_726" time="0.672" /><testcase classname="tests.component.exceptions.test_7" name="test_case_880" time="0.139" /><testcase classname="tests.component.exceptions.test_7" name="test_case_888" time="0.780" /><testcase classname="tests.component.exceptions.test_8" name="test_case_37" time="0.140" /><testcase classname="tests.component.exceptions.test_8" name="test_case_82" time="0.388" /><testcase classname="tests.component.exceptions.test_8" name="test_case_101" time="0.654" /><testcase classname="tests.component.exceptions.test_8" name="test_case_186" time="0.747" /><testcase classname="tests.component.exceptions.test_8" name="test_case_393" time="0.729" /><testcase classname="tests.component.exceptions.test_8" name="test_case_535" time="0.931" /><testcase classname="tests.component.exceptions.test_8" name="test_case_713" time="0.981" /><testcase classname="tests.component.exceptions.test_8" name="test_case_787" time="0.312" /><testcase classname="tests.component.exceptions.test_9" name="test_case_55" time="0.796" /><testcase classname="tests.component.exceptions.test_9" name="test_case_84" time="0.547" /><testcase classname="tests.component.exceptions.test_9" name="test_case_233" time="0.187" /><testcase classname="tests.component.exceptions.test_9" name="test_case_237" time="0.981" /><testcase classname="tests.component.exceptions.test_9" name="test_case_428" time="0.716" /><testcase classname="tests.component.exceptions.test_9" name="test_case_479" time="0.278" /><testcase classname="tests.component.exceptions.test_9" name="test_case_574" time="0.359" /><testcase classname="tests.component.exceptions.test_9" name="test_case_630" time="0.295" /><testcase classname="tests.component.exceptions.test_9" name="test_case_930" time="0.312" /><testcase classname="tests.component.functional.test_0" name="test_case_122" time="0.530" /><testcase classname="tests.component.functional.test_0" name="test_case_129" time="0.528" /><testcase classname="tests.component.functional.test_0" name="test_case_283" time="0.187" /><testcase classname="tests.component.functional.test_0" name="test_case_485" time="0.267" /><testcase classname="tests.component.functional.test_0" name="test_case_539" time="0.911" /><testcase classname="tests.component.functional.test_0" name="test_case_723" time="0.809" /><testcase classname="tests.component.functional.test_0" name="test_case_825" time="0.640" /><testcase classname="tests.component.functional.test_0" name="test_case_879" time="0.487" /><testcase classname="tests.component.functional.test_0" name="test_case_979" time="0.390" /><testcase classname="tests.component.functional.test_1" name="test_case_660" time="0.230" /><testcase classname="tests.component.functional.test_1" name="test_case_742" time="0.715" /><testcase classname="tests.component.functional.test_1" name="test_case_769" time="0.673" /><testcase classname="tests.component.functional.test_1" name="test_case_885" time="0.844" /><testcase classname="tests.component.functional.test_1" name="test_case_890" time="0.958" /><testcase classname="tests.component.functional.test_1" name="test_case_899" time="0.627" /><testcase classname="tests.component.functional.test_1" name="test_case_969" time="0.536" /><testcase classname="tests.component.functional.test_2" name="test_case_143" time="0.292" /><testcase classname="tests.component.functional.test_2" name="test_case_298" time="0.246" /><testcase classname="tests.component.functional.test_2" name="test_case_664" time="0.421" /><testcase classname="tests.component.functional.test_2" name="test_case_720" time="0.744" /><testcase classname="tests.component.functional.test_2" name="test_case_795" time="0.924" /><testcase classname="tests.component.functional.test_2" name="test_case_961" time="0.340" /><testcase classname="tests.component.functional.test_2" name="test_case_965" time="0.496" /><testcase classname="tests.component.functional.test_3" name="test_case_5" time="0.514" /><testcase classname="tests.component.functional.test_3" name="test_case_31" time="0.387" /><testcase classname="tests.component.functional.test_3" name="test_case_35" time="0.231" /><testcase classname="tests.component.functional.test_3" name="test_case_72" time="0.921" /><testcase classname="tests.component.functional.test_3" name="test_case_97" time="0.484" /><testcase classname="tests.component.functional.test_3" name="test_case_168" time="0.108" /><testcase classname="tests.component.functional.test_3" name="test_case_562" time="0.936" /><testcase classname="tests.component.functional.test_3" name="test_case_605" time="0.940" /><testcase classname="tests.component.functional.test_3" name="test_case_733" time="0.653" /><testcase classname="tests.component.functional.test_3" name="test_case_845" time="0.965" /><testcase classname="tests.component.functional.test_4" name="test_case_32" time="0.730" /><testcase classname="tests.component.functional.test_4" name="test_case_45" time="0.357" /><testcase classname="tests.component.functional.test_4" name="test_case_440" time="0.969" /><testcase classname="tests.component.functional.test_4" name="test_case_812" time="0.374" /><testcase classname="tests.component.functional.test_5" name="test_case_187" time="0.731" /><testcase classname="tests.component.functional.test_5" name="test_case_311" time="0.598" /><testcase classname="tests.component.functional.test_5" name="test_case_381" time="0.718" /><testcase classname="tests.component.functional.test_5" name="test_case_586" time="0.453" /><testcase classname="tests.component.functional.test_5" name="test_case_604" time="0.607" /><testcase classname="tests.component.functional.test_5" name="test_case_685" time="0.249" /><testcase classname="tests.component.functional.test_5" name="test_case_691" time="0.529" /><testcase classname="tests.component.functional.test_5" name="test_case_752" time="0.218" /><testcase classname="tests.component.functional.test_6" name="test_case_224" time="0.606" /><testcase classname="tests.component.functional.test_6" name="test_case_437" time="0.487" /><testcase classname="tests.component.functional.test_6" name="test_case_727" time="0.138" /><testcase classname="tests.component.functional.test_6" name="test_case_779" time="0.142" /><testcase classname="tests.component.functional.test_6" name="test_case_931" time="1.001" /><testcase classname="tests.component.functional.test_6" name="test_case_948" time="0.252" /><testcase classname="tests.component.functional.test_7" name="test_case_36" time="0.171" /><testcase classname="tests.component.functional.test_7" name="test_case_41" time="0.520" /><testcase classname="tests.component.functional.test_7" name="test_case_251" time="0.403" /><testcase classname="tests.component.functional.test_7" name="test_case_520" time="0.957" /><testcase classname="tests.component.functional.test_7" name="test_case_545" time="0.219" /><testcase classname="tests.component.functional.test_7" name="test_case_739" time="0.125" /><testcase classname="tests.component.functional.test_7" name="test_case_753" time="0.750" /><testcase classname="tests.component.functional.test_7" name="test_case_877" time="0.388" /><testcase classname="tests.component.functional.test_7" name="test_case_986" time="0.999" /><testcase classname="tests.component.functional.test_8" name="test_case_59" time="0.387" /><testcase classname="tests.component.functional.test_8" name="test_case_379" time="0.670" /><testcase classname="tests.component.functional.test_8" name="test_case_436" time="0.592" /><testcase classname="tests.component.functional.test_8" name="test_case_553" time="0.997" /><testcase classname="tests.component.functional.test_8" name="test_case_796" time="0.688" /><testcase classname="tests.component.functional.test_8" name="test_case_799" time="0.708" /><testcase classname="tests.component.functional.test_8" name="test_case_990" time="0.325" /><testcase classname="tests.component.functional.test_9" name="test_case_74" time="0.110" /><testcase classname="tests.component.functional.test_9" name="test_case_133" time="0.263" /><testcase classname="tests.component.functional.test_9" name="test_case_266" time="0.376" /><testcase classname="tests.component.functional.test_9" name="test_case_302" time="0.621" /><testcase classname="tests.component.functional.test_9" name="test_case_581" time="0.841" /><testcase classname="tests.component.functional.test_9" name="test_case_959" time="0.872" /><testcase classname="tests.component.instructions.test_0" name="test_case_18" time="0.217" /><testcase classname="tests.component.instructions.test_0" name="test_case_83" time="0.864" /><testcase classname="tests.component.instructions.test_0" name="test_case_111" time="0.899" /><testcase classname="tests.component.instructions.test_0" name="test_case_411" time="0.880" /><testcase classname="tests.component.instructions.test_0" name="test_case_777" time="0.551" /><testcase classname="tests.component.instructions.test_0" name="test_case_893" time="0.801" /><testcase classname="tests.component.instructions.test_0" name="test_case_957" time="0.927" /><testcase classname="tests.component.instructions.test_0" name="test_case_968" time="0.514" /><testcase classname="tests.component.instructions.test_1" name="test_case_125" time="0.855" /><testcase classname="tests.component.instructions.test_1" name="test_case_160" time="0.857" /><testcase classname="tests.component.instructions.test_1" name="test_case_358" time="0.951" /><testcase classname="tests.component.instructions.test_1" name="test_case_570" time="0.345" /><testcase classname="tests.component.instructions.test_1" name="test_case_689" time="0.170" /><testcase classname="tests.component.instructions.test_1" name="test_case_870" time="0.514" /><testcase classname="tests.component.instructions.test_1" name="test_case_881" time="0.249" /><testcase classname="tests.component.instructions.test_1" name="test_case_887" time="0.621" /><testcase classname="tests.component.instructions.test_2" name="test_case_58" time="0.656" /><testcase classname="tests.component.instructions.test_2" name="test_case_142" time="0.124" /><testcase classname="tests.component.instructions.test_2" name="test_case_480" time="0.722" /><testcase classname="tests.component.instructions.test_2" name="test_case_504" time="0.388" /><testcase classname="tests.component.instructions.test_2" name="test_case_640" time="0.952" /><testcase classname="tests.component.instructions.test_2" name="test_case_765" time="0.377" /><testcase classname="tests.component.instructions.test_2" name="test_case_856" time="0.250" /><testcase classname="tests.component.instructions.test_3" name="test_case_455" time="0.803" /><testcase classname="tests.component.instructions.test_3" name="test_case_669" time="0.444" /><testcase classname="tests.component.instructions.test_3" name="test_case_740" time="0.517" /><testcase classname="tests.component.instructions.test_3" name="test_case_744" time="0.466" /><testcase classname="tests.component.instructions.test_3" name="test_case_805" time="0.803" /><testcase classname="tests.component.instructions.test_3" name="test_case_874" time="0.534" /><testcase classname="tests.component.instructions.test_3" name="test_case_896" time="0.580" /><testcase classname="tests.component.instructions.test_4" name="test_case_337" time="0.448" /><testcase classname="tests.component.instructions.test_4" name="test_case_357" time="0.594" /><testcase classname="tests.component.instructions.test_4" name="test_case_453" time="0.451" /><testcase classname="tests.component.instructions.test_4" name="test_case_738" time="0.419" /><testcase classname="tests.component.instructions.test_4" name="test_case_847" time="0.781" /><testcase classname="tests.component.instructions.test_4" name="test_case_998" time="0.501" /><testcase classname="tests.component.instructions.test_5" name="test_case_118" time="0.748" /><testcase classname="tests.component.instructions.test_5" name="test_case_278" time="0.879" /><testcase classname="tests.component.instructions.test_5" name="test_case_334" time="0.280" /><testcase classname="tests.component.instructions.test_5" name="test_case_351" time="0.122" /><testcase classname="tests.component.instructions.test_5" name="test_case_509" time="0.685" /><testcase classname="tests.component.instructions.test_5" name="test_case_510" time="0.199" /><testcase classname="tests.component.instructions.test_5" name="test_case_534" time="0.528" /><testcase classname="tests.component.instructions.test_5" name="test_case_567" time="0.718" /><testcase classname="tests.component.instructions.test_5" name="test_case_577" time="0.562" /><testcase classname="tests.component.instructions.test_5" name="test_case_692" time="0.280" /><testcase classname="tests.component.instructions.test_5" name="test_case_694" time="0.435" /><testcase classname="tests.component.instructions.test_5" name="test_case_708" time="0.763" /><testcase classname="tests.component.instructions.test_5" name="test_case_940" time="0.265" /><testcase classname="tests.component.instructions.test_6" name="test_case_29" time="0.124" /><testcase classname="tests.component.instructions.test_6" name="test_case_50" time="0.684" /><testcase classname="tests.component.instructions.test_6" name="test_case_516" time="0.812" /><testcase classname="tests.component.instructions.test_6" name="test_case_523" time="0.960" /><testcase classname="tests.component.instructions.test_6" name="test_case_550" time="0.765" /><testcase classname="tests.component.instructions.test_6" name="test_case_690" time="0.174" /><testcase classname="tests.component.instructions.test_7" name="test_case_70" time="0.581" /><testcase classname="tests.component.instructions.test_7" name="test_case_361" time="0.519" /><testcase classname="tests.component.instructions.test_7" name="test_case_528" time="0.548" /><testcase classname="tests.component.instructions.test_7" name="test_case_797" time="0.990" /><testcase classname="tests.component.instructions.test_8" name="test_case_6" time="0.106" /><testcase classname="tests.component.instructions.test_8" name="test_case_93" time="0.793" /><testcase classname="tests.component.instructions.test_8" name="test_case_204" time="0.715" /><testcase classname="tests.component.instructions.test_8" name="test_case_271" time="0.249" /><testcase classname="tests.component.instructions.test_8" name="test_case_463" time="0.344" /><testcase classname="tests.component.instructions.test_8" name="test_case_822" time="0.575" /><testcase classname="tests.component.instructions.test_8" name="test_case_842" time="0.777" /><testcase classname="tests.component.instructions.test_8" name="test_case_980" time="0.919" /><testcase classname="tests.component.instructions.test_8" name="test_case_985" time="0.293" /><testcase classname="tests.component.instructions.test_8" name="test_case_996" time="0.174" /><testcase classname="tests.component.instructions.test_9" name="test_case_246" time="0.894" /><testcase classname="tests.component.instructions.test_9" name="test_case_736" time="0.456" /><testcase classname="tests.component.instructions.test_9" name="test_case_737" time="0.628" /><testcase classname="tests.component.instructions.test_9" name="test_case_904" time="0.280" /><testcase classname="tests.component.instructions.test_9" name="test_case_923" time="0.140" /><testcase classname="tests.component.instructions.test_9" name="test_case_928" time="0.111" /><testcase classname="tests.component.instructions.test_9" name="test_case_933" time="0.498" /><testcase classname="tests.component.lib.test_0" name="test_case_114" time="0.504" /><testcase classname="tests.component.lib.test_0" name="test_case_417" time="0.626" /><testcase classname="tests.component.lib.test_0" name="test_case_464" time="0.252" /><testcase classname="tests.component.lib.test_0" name="test_case_522" time="0.989" /><testcase classname="tests.component.lib.test_0" name="test_case_745" time="0.497" /><testcase classname="tests.component.lib.test_0" name="test_case_789" time="0.200" /><testcase classname="tests.component.lib.test_0" name="test_case_989" time="0.608" /><testcase classname="tests.component.lib.test_1" name="test_case_4" time="0.626" /><testcase classname="tests.component.lib.test_1" name="test_case_80" time="0.202" /><testcase classname="tests.component.lib.test_1" name="test_case_304" time="0.784" /><testcase classname="tests.component.lib.test_1" name="test_case_583" time="0.897" /><testcase classname="tests.component.lib.test_1" name="test_case_607" time="0.905" /><testcase classname="tests.component.lib.test_1" name="test_case_775" time="0.509" /><testcase classname="tests.component.lib.test_1" name="test_case_801" time="0.280" /><testcase classname="tests.component.lib.test_1" name="test_case_802" time="0.514" /><testcase classname="tests.component.lib.test_1" name="test_case_816" time="0.529" /><testcase classname="tests.component.lib.test_1" name="test_case_860" time="0.420" /><testcase classname="tests.component.lib.test_1" name="test_case_916" time="0.438" /><testcase classname="tests.component.lib.test_2" name="test_case_107" time="0.465" /><testcase classname="tests.component.lib.test_2" name="test_case_210" time="0.663" /><testcase classname="tests.component.lib.test_2" name="test_case_366" time="0.471" /><testcase classname="tests.component.lib.test_2" name="test_case_616" time="0.832" /><testcase classname="tests.component.lib.test_2" name="test_case_854" time="0.671" /><testcase classname="tests.component.lib.test_2" name="test_case_882" time="0.111" /><testcase classname="tests.component.lib.test_3" name="test_case_28" time="0.656" /><testcase classname="tests.component.lib.test_3" name="test_case_38" time="0.783" /><testcase classname="tests.component.lib.test_3" name="test_case_274" time="0.186" /><testcase classname="tests.component.lib.test_3" name="test_case_946" time="0.510" /><testcase classname="tests.component.lib.test_4" name="test_case_184" time="0.571" /><testcase classname="tests.component.lib.test_4" name="test_case_220" time="0.311" /><testcase classname="tests.component.lib.test_4" name="test_case_338" time="0.592" /><testcase classname="tests.component.lib.test_4" name="test_case_425" time="0.917" /><testcase classname="tests.component.lib.test_4" name="test_case_481" time="0.564" /><testcase classname="tests.component.lib.test_4" name="test_case_620" time="0.252" /><testcase classname="tests.component.lib.test_4" name="test_case_656" time="0.219" /><testcase classname="tests.component.lib.test_4" name="test_case_834" time="0.895" /><testcase classname="tests.component.lib.test_4" name="test_case_851" time="0.816" /><testcase classname="tests.component.lib.test_4" name="test_case_863" time="0.207" /><testcase classname="tests.component.lib.test_5" name="test_case_140" time="0.548" /><testcase classname="tests.component.lib.test_5" name="test_case_188" time="0.592" /><testcase classname="tests.component.lib.test_5" name="test_case_288" time="0.483" /><testcase classname="tests.component.lib.test_5" name="test_case_422" time="0.296" /><testcase classname="tests.component.lib.test_5" name="test_case_473" time="0.215" /><testcase classname="tests.component.lib.test_5" name="test_case_500" time="0.534" /><testcase classname="tests.component.lib.test_5" name="test_case_587" time="0.920" /><testcase classname="tests.component.lib.test_6" name="test_case_94" time="0.595" /><testcase classname="tests.component.lib.test_6" name="test_case_103" time="0.846" /><testcase classname="tests.component.lib.test_6" name="test_case_108" time="0.806" /><testcase classname="tests.component.lib.test_6" name="test_case_196" time="0.341" /><testcase classname="tests.component.lib.test_6" name="test_case_330" time="0.220" /><testcase classname="tests.component.lib.test_6" name="test_case_547" time="0.585" /><testcase classname="tests.component.lib.test_6" name="test_case_648" time="0.751" /><testcase classname="tests.component.lib.test_6" name="test_case_852" time="0.201" /><testcase classname="tests.component.lib.test_6" name="test_case_872" time="0.577" /><testcase classname="tests.component.lib.test_6" name="test_case_915" time="0.442" /><testcase classname="tests.component.lib.test_6" name="test_case_971" time="0.627" /><testcase classname="tests.component.lib.test_7" name="test_case_146" time="0.230" /><testcase classname="tests.component.lib.test_7" name="test_case_161" time="0.857" /><testcase classname="tests.component.lib.test_7" name="test_case_175" time="0.590" /><testcase classname="tests.component.lib.test_7" name="test_case_272" time="0.421" /><testcase classname="tests.component.lib.test_7" name="test_case_354" time="0.828" /><testcase classname="tests.component.lib.test_7" name="test_case_394" time="0.655" /><testcase classname="tests.component.lib.test_7" name="test_case_782" time="0.870" /><testcase classname="tests.component.lib.test_7" name="test_case_889" time="0.420" /><testcase classname="tests.component.lib.test_7" name="test_case_922" time="0.988" /><testcase classname="tests.component.lib.test_8" name="test_case_2" time="0.815" /><testcase classname="tests.component.lib.test_8" name="test_case_258" time="0.171" /><testcase classname="tests.component.lib.test_8" name="test_case_474" time="0.996" /><testcase classname="tests.component.lib.test_8" name="test_case_621" time="0.929" /><testcase classname="tests.component.lib.test_8" name="test_case_710" time="0.459" /><testcase classname="tests.component.lib.test_8" name="test_case_778" time="0.764" /><testcase classname="tests.component.lib.test_8" name="test_case_903" time="0.203" /><testcase classname="tests.component.lib.test_8" name="test_case_936" time="0.950" /><testcase classname="tests.component.lib.test_8" name="test_case_975" time="0.842" /><testcase classname="tests.component.lib.test_8" name="test_case_992" time="0.516" /><testcase classname="tests.component.lib.test_9" name="test_case_150" time="0.732" /><testcase classname="tests.component.lib.test_9" name="test_case_407" time="0.686" /><testcase classname="tests.component.lib.test_9" name="test_case_409" time="0.826" /><testcase classname="tests.component.lib.test_9" name="test_case_653" time="0.963" /><testcase classname="tests.component.lib.test_9" name="test_case_823" time="0.945" /><testcase classname="tests.component.lib.test_9" name="test_case_963" time="0.249" /><testcase classname="tests.component.logger.test_0" name="test_case_230" time="0.251" /><testcase classname="tests.component.logger.test_0" name="test_case_249" time="0.313" /><testcase classname="tests.component.logger.test_0" name="test_case_382" time="0.733" /><testcase classname="tests.component.logger.test_0" name="test_case_395" time="0.765" /><testcase classname="tests.component.logger.test_0" name="test_case_572" time="0.214" /><testcase classname="tests.component.logger.test_0" name="test_case_702" time="0.361" /><testcase classname="tests.component.logger.test_0" name="test_case_924" time="0.170" /><testcase classname="tests.component.logger.test_0" name="test_case_962" time="0.778" /><testcase classname="tests.component.logger.test_1" name="test_case_13" time="0.203" /><testcase classname="tests.component.logger.test_1" name="test_case_92" time="0.549" /><testcase classname="tests.component.logger.test_1" name="test_case_141" time="0.234" /><testcase classname="tests.component.logger.test_1" name="test_case_307" time="0.152" /><testcase classname="tests.component.logger.test_1" name="test_case_336" time="0.232" /><testcase classname="tests.component.logger.test_1" name="test_case_342" time="0.375" /><testcase classname="tests.component.logger.test_1" name="test_case_414" time="0.390" /><testcase classname="tests.component.logger.test_1" name="test_case_809" time="0.750" /><testcase classname="tests.component.logger.test_1" name="test_case_836" time="0.230" /><testcase classname="tests.component.logger.test_1" name="test_case_857" time="0.936" /><testcase classname="tests.component.logger.test_1" name="test_case_897" time="0.514" /><testcase classname="tests.component.logger.test_2" name="test_case_139" time="0.123" /><testcase classname="tests.component.logger.test_2" name="test_case_178" time="0.263" /><testcase classname="tests.component.logger.test_2" name="test_case_182" time="0.827" /><testcase classname="tests.component.logger.test_2" name="test_case_194" time="0.496" /><testcase classname="tests.component.logger.test_2" name="test_case_386" time="0.374" /><testcase classname="tests.component.logger.test_2" name="test_case_387" time="0.469" /><testcase classname="tests.component.logger.test_2" name="test_case_405" time="0.279" /><testcase classname="tests.component.logger.test_2" name="test_case_451" time="0.665" /><testcase classname="tests.component.logger.test_2" name="test_case_588" time="0.374" /><testcase classname="tests.component.logger.test_3" name="test_case_8" time="0.247" /><testcase classname="tests.component.logger.test_3" name="test_case_232" time="0.841" /><testcase classname="tests.component.logger.test_3" name="test_case_352" time="0.453" /><testcase classname="tests.component.logger.test_3" name="test_case_404" time="0.266" /><testcase classname="tests.component.logger.test_3" name="test_case_431" time="0.723" /><testcase classname="tests.component.logger.test_3" name="test_case_491" time="0.374" /><testcase classname="tests.component.logger.test_3" name="test_case_673" time="0.525" /><testcase classname="tests.component.logger.test_4" name="test_case_148" time="0.682" /><testcase classname="tests.component.logger.test_4" name="test_case_209" time="0.220" /><testcase classname="tests.component.logger.test_4" name="test_case_305" time="0.655" /><testcase classname="tests.component.logger.test_4" name="test_case_454" time="0.941" /><testcase classname="tests.component.logger.test_4" name="test_case_524" time="0.298" /><testcase classname="tests.component.logger.test_4" name="test_case_677" time="0.881" /><testcase classname="tests.component.logger.test_5" name="test_case_25" time="0.817" /><testcase classname="tests.component.logger.test_5" name="test_case_64" time="0.766" /><testcase classname="tests.component.logger.test_5" name="test_case_106" time="0.266" /><testcase classname="tests.component.logger.test_5" name="test_case_159" time="0.426" /><testcase classname="tests.component.logger.test_5" name="test_case_177" time="0.925" /><testcase classname="tests.component.logger.test_5" name="test_case_199" time="0.421" /><testcase classname="tests.component.logger.test_5" name="test_case_218" time="0.451" /><testcase classname="tests.component.logger.test_5" name="test_case_257" time="0.359" /><testcase classname="tests.component.logger.test_5" name="test_case_537" time="0.216" /><testcase classname="tests.component.logger.test_5" name="test_case_596" time="0.217" /><testcase classname="tests.component.logger.test_5" name="test_case_606" time="1.013" /><testcase classname="tests.component.logger.test_5" name="test_case_763" time="0.579" /><testcase classname="tests.component.logger.test_6" name="test_case_21" time="0.483" /><testcase classname="tests.component.logger.test_6" name="test_case_208" time="0.434" /><testcase classname="tests.component.logger.test_6" name="test_case_285" time="0.949" /><testcase classname="tests.component.logger.test_6" name="test_case_513" time="0.812" /><testcase classname="tests.component.logger.test_6" name="test_case_641" time="0.498" /><testcase classname="tests.component.logger.test_6" name="test_case_749" time="0.172" /><testcase classname="tests.component.logger.test_6" name="test_case_837" time="0.267" /><testcase classname="tests.component.logger.test_6" name="test_case_886" time="0.237" /><testcase classname="tests.component.logger.test_6" name="test_case_947" time="0.201" /><testcase classname="tests.component.logger.test_7" name="test_case_63" time="0.687" /><testcase classname="tests.component.logger.test_7" name="test_case_121" time="0.794" /><testcase classname="tests.component.logger.test_7" name="test_case_180" time="0.858" /><testcase classname="tests.component.logger.test_7" name="test_case_200" time="0.563" /><testcase classname="tests.component.logger.test_7" name="test_case_321" time="0.825" /><testcase classname="tests.component.logger.test_7" name="test_case_526" time="0.218" /><testcase classname="tests.component.logger.test_7" name="test_case_554" time="0.822" /><testcase classname="tests.component.logger.test_7" name="test_case_631" time="0.124" /><testcase classname="tests.component.logger.test_7" name="test_case_773" time="0.327" /><testcase classname="tests.component.logger.test_8" name="test_case_430" time="0.215" /><testcase classname="tests.component.logger.test_8" name="test_case_457" time="0.157" /><testcase classname="tests.component.logger.test_8" name="test_case_603" time="0.532" /><testcase classname="tests.component.logger.test_8" name="test_case_687" time="0.639" /><testcase classname="tests.component.logger.test_8" name="test_case_953" time="0.390" /><testcase classname="tests.component.logger.test_9" name="test_case_14" time="0.930" /><testcase classname="tests.component.logger.test_9" name="test_case_214" time="0.970" /><testcase classname="tests.component.logger.test_9" name="test_case_462" time="0.489" /><testcase classname="tests.component.logger.test_9" name="test_case_552" time="0.328" /><testcase classname="tests.component.logger.test_9" name="test_case_695" time="0.595" /><testcase classname="tests.component.logger.test_9" name="test_case_724" time="0.230" /><testcase classname="tests.component.logger.test_9" name="test_case_835" time="0.281" /><testcase classname="tests.component.logger.test_9" name="test_case_900" time="0.140" /><testcase classname="tests.component.logger.test_9" name="test_case_905" time="0.896" /><testcase classname="tests.component.security.test_0" name="test_case_155" time="0.310" /><testcase classname="tests.component.security.test_0" name="test_case_375" time="0.327" /><testcase classname="tests.component.security.test_0" name="test_case_438" time="0.483" /><testcase classname="tests.component.security.test_0" name="test_case_459" time="0.309" /><testcase classname="tests.component.security.test_0" name="test_case_506" time="0.722" /><testcase classname="tests.component.security.test_0" name="test_case_515" time="0.660" /><testcase classname="tests.component.security.test_0" name="test_case_643" time="0.709" /><testcase classname="tests.component.security.test_0" name="test_case_932" time="0.714" /><testcase classname="tests.component.security.test_0" name="test_case_984" time="0.141" /><testcase classname="tests.component.security.test_1" name="test_case_243" time="0.558" /><testcase classname="tests.component.security.test_1" name="test_case_276" time="0.515" /><testcase classname="tests.component.security.test_1" name="test_case_371" time="0.518" /><testcase classname="tests.component.security.test_1" name="test_case_447" time="0.854" /><testcase classname="tests.component.security.test_1" name="test_case_591" time="0.594" /><testcase classname="tests.component.security.test_1" name="test_case_926" time="0.451" /><testcase classname="tests.component.security.test_2" name="test_case_241" time="0.342" /><testcase classname="tests.component.security.test_2" name="test_case_295" time="0.658" /><testcase classname="tests.component.security.test_2" name="test_case_419" time="0.385" /><testcase classname="tests.component.security.test_2" name="test_case_525" time="0.892" /><testcase classname="tests.component.security.test_2" name="test_case_693" time="0.202" /><testcase classname="tests.component.security.test_2" name="test_case_715" time="1.003" /><testcase classname="tests.component.security.test_3" name="test_case_44" time="0.293" /><testcase classname="tests.component.security.test_3" name="test_case_104" time="0.140" /><testcase classname="tests.component.security.test_3" name="test_case_416" time="0.512" /><testcase classname="tests.component.security.test_3" name="test_case_623" time="0.581" /><testcase classname="tests.component.security.test_3" name="test_case_683" time="0.668" /><testcase classname="tests.component.security.test_3" name="test_case_686" time="0.842" /><testcase classname="tests.component.security.test_3" name="test_case_761" time="0.888" /><testcase classname="tests.component.security.test_4" name="test_case_153" time="0.546" /><testcase classname="tests.component.security.test_4" name="test_case_234" time="0.157" /><testcase classname="tests.component.security.test_4" name="test_case_264" time="0.983" /><testcase classname="tests.component.security.test_4" name="test_case_788" time="0.611" /><testcase classname="tests.component.security.test_4" name="test_case_913" time="0.137" /><testcase classname="tests.component.security.test_5" name="test_case_286" time="0.340" /><testcase classname="tests.component.security.test_5" name="test_case_372" time="0.811" /><testcase classname="tests.component.security.test_5" name="test_case_465" time="0.745" /><testcase classname="tests.component.security.test_5" name="test_case_512" time="0.951" /><testcase classname="tests.component.security.test_5" name="test_case_569" time="0.329" /><testcase classname="tests.component.security.test_5" name="test_case_670" time="0.471" /><testcase classname="tests.component.security.test_5" name="test_case_850" time="1.001" /><testcase classname="tests.component.security.test_5" name="test_case_997" time="0.644" /><testcase classname="tests.component.security.test_6" name="test_case_197" time="0.822" /><testcase classname="tests.component.security.test_6" name="test_case_406" time="0.438" /><testcase classname="tests.component.security.test_6" name="test_case_450" time="0.417" /><testcase classname="tests.component.security.test_6" name="test_case_494" time="0.298" /><testcase classname="tests.component.security.test_6" name="test_case_650" time="0.468" /><testcase classname="tests.component.security.test_6" name="test_case_826" time="0.893" /><testcase classname="tests.component.security.test_6" name="test_case_995" time="0.298" /><testcase classname="tests.component.security.test_7" name="test_case_185" time="0.838" /><testcase classname="tests.component.security.test_7" name="test_case_532" time="0.717" /><testcase classname="tests.component.security.test_7" name="test_case_601" time="0.158" /><testcase classname="tests.component.security.test_7" name="test_case_767" time="0.281" /><testcase classname="tests.component.security.test_7" name="test_case_783" time="0.823" /><testcase classname="tests.component.security.test_7" name="test_case_824" time="0.576" /><testcase classname="tests.component.security.test_7" name="test_case_829" time="0.703" /><testcase classname="tests.component.security.test_7" name="test_case_991" time="0.184" /><testcase classname="tests.component.security.test_8" name="test_case_11" time="0.404" /><testcase classname="tests.component.security.test_8" name="test_case_91" time="0.186" /><testcase classname="tests.component.security.test_8" name="test_case_456" time="0.717" /><testcase classname="tests.component.security.test_8" name="test_case_511" time="0.609" /><testcase classname="tests.component.security.test_8" name="test_case_625" time="0.157" /><testcase classname="tests.component.security.test_8" name="test_case_642" time="0.840" /><testcase classname="tests.component.security.test_9" name="test_case_277" time="0.982" /><testcase classname="tests.component.security.test_9" name="test_case_377" time="0.500" /><testcase classname="tests.component.security.test_9" name="test_case_662" time="0.124" /><testcase classname="tests.component.security.test_9" name="test_case_750" time="0.801" /><testcase classname="tests.component.system.test_0" name="test_case_134" time="0.433" /><testcase classname="tests.component.system.test_0" name="test_case_223" time="0.621" /><testcase classname="tests.component.system.test_0" name="test_case_267" time="0.499" /><testcase classname="tests.component.system.test_0" name="test_case_418" time="0.157" /><testcase classname="tests.component.system.test_0" name="test_case_580" time="0.863" /><testcase classname="tests.component.system.test_0" name="test_case_638" time="0.407" /><testcase classname="tests.component.system.test_0" name="test_case_712" time="0.640" /><testcase classname="tests.component.system.test_0" name="test_case_873" time="0.157" /><testcase classname="tests.component.system.test_1" name="test_case_16" time="0.623" /><testcase classname="tests.component.system.test_1" name="test_case_730" time="0.841" /><testcase classname="tests.component.system.test_1" name="test_case_803" time="0.482" /><testcase classname="tests.component.system.test_1" name="test_case_883" time="0.952" /><testcase classname="tests.component.system.test_1" name="test_case_911" time="0.137" /><testcase classname="tests.component.system.test_2" name="test_case_112" time="0.731" /><testcase classname="tests.component.system.test_2" name="test_case_170" time="0.845" /><testcase classname="tests.component.system.test_2" name="test_case_216" time="0.945" /><testcase classname="tests.component.system.test_2" name="test_case_287" time="0.157" /><testcase classname="tests.component.system.test_2" name="test_case_452" time="0.282" /><testcase classname="tests.component.system.test_2" name="test_case_721" time="0.949" /><testcase classname="tests.component.system.test_2" name="test_case_832" time="0.474" /><testcase classname="tests.component.system.test_2" name="test_case_871" time="0.124" /><testcase classname="tests.component.system.test_3" name="test_case_313" time="0.312" /><testcase classname="tests.component.system.test_3" name="test_case_349" time="0.263" /><testcase classname="tests.component.system.test_3" name="test_case_360" time="0.699" /><testcase classname="tests.component.system.test_3" name="test_case_470" time="0.621" /><testcase classname="tests.component.system.test_3" name="test_case_609" time="0.267" /><testcase classname="tests.component.system.test_3" name="test_case_731" time="0.950" /><testcase classname="tests.component.system.test_3" name="test_case_819" time="0.579" /><testcase classname="tests.component.system.test_3" name="test_case_833" time="0.368" /><testcase classname="tests.component.system.test_3" name="test_case_950" time="0.718" /><testcase classname="tests.component.system.test_4" name="test_case_157" time="0.325" /><testcase classname="tests.component.system.test_4" name="test_case_299" time="0.185" /><testcase classname="tests.component.system.test_4" name="test_case_681" time="0.578" /><testcase classname="tests.component.system.test_4" name="test_case_818" time="0.311" /><testcase classname="tests.component.system.test_5" name="test_case_1" time="0.534" /><testcase classname="tests.component.system.test_5" name="test_case_51" time="0.847" /><testcase classname="tests.component.system.test_5" name="test_case_260" time="1.001" /><testcase classname="tests.component.system.test_5" name="test_case_289" time="0.834" /><testcase classname="tests.component.system.test_5" name="test_case_301" time="0.471" /><testcase classname="tests.component.system.test_5" name="test_case_355" time="0.142" /><testcase classname="tests.component.system.test_5" name="test_case_434" time="0.720" /><testcase classname="tests.component.system.test_5" name="test_case_756" time="0.313" /><testcase classname="tests.component.system.test_5" name="test_case_821" time="0.562" /><testcase classname="tests.component.system.test_5" name="test_case_945" time="0.377" /><testcase classname="tests.component.system.test_6" name="test_case_27" time="0.955" /><testcase classname="tests.component.system.test_6" name="test_case_48" time="0.778" /><testcase classname="tests.component.system.test_6" name="test_case_85" time="0.412" /><testcase classname="tests.component.system.test_6" name="test_case_658" time="0.238" /><testcase classname="tests.component.system.test_7" name="test_case_65" time="0.675" /><testcase classname="tests.component.system.test_7" name="test_case_144" time="0.234" /><testcase classname="tests.component.system.test_7" name="test
[...]
8" name="test_case_98" time="0.185" /><testcase classname="tests.unit.system.test_8" name="test_case_136" time="0.171" /><testcase classname="tests.unit.system.test_8" name="test_case_281" time="0.202" /><testcase classname="tests.unit.system.test_8" name="test_case_372" time="0.232" /><testcase classname="tests.unit.system.test_8" name="test_case_804" time="0.172" /><testcase classname="tests.unit.system.test_8" name="test_case_873" time="0.234" /><testcase classname="tests.unit.system.test_8" name="test_case_917" time="0.295" /><testcase classname="tests.unit.system.test_8" name="test_case_1021" time="0.235" /><testcase classname="tests.unit.system.test_8" name="test_case_1036" time="0.233" /><testcase classname="tests.unit.system.test_8" name="test_case_1141" time="0.246" /><testcase classname="tests.unit.system.test_8" name="test_case_1183" time="0.250" /><testcase classname="tests.unit.system.test_8" name="test_case_1225" time="0.295" /><testcase classname="tests.unit.system.test_8" name="test_case_1527" time="0.125" /><testcase classname="tests.unit.system.test_8" name="test_case_1539" time="0.140" /><testcase classname="tests.unit.system.test_8" name="test_case_1622" time="0.262" /><testcase classname="tests.unit.system.test_8" name="test_case_1699" time="0.156" /><testcase classname="tests.unit.system.test_8" name="test_case_2237" time="0.264" /><testcase classname="tests.unit.system.test_8" name="test_case_2292" time="0.266" /><testcase classname="tests.unit.system.test_8" name="test_case_2390" time="0.187" /><testcase classname="tests.unit.system.test_9" name="test_case_580" time="0.231" /><testcase classname="tests.unit.system.test_9" name="test_case_866" time="0.186" /><testcase classname="tests.unit.system.test_9" name="test_case_980" time="0.203" /><testcase classname="tests.unit.system.test_9" name="test_case_1054" time="0.202" /><testcase classname="tests.unit.system.test_9" name="test_case_1077" time="0.154" /><testcase classname="tests.unit.system.test_9" name="test_case_1233" time="0.250" /><testcase classname="tests.unit.system.test_9" name="test_case_1262" time="0.185" /><testcase classname="tests.unit.system.test_9" name="test_case_1298" time="0.169" /><testcase classname="tests.unit.system.test_9" name="test_case_1571" time="0.174" /><testcase classname="tests.unit.system.test_9" name="test_case_1580" time="0.269" /><testcase classname="tests.unit.system.test_9" name="test_case_1832" time="0.282" /><testcase classname="tests.unit.system.test_9" name="test_case_1861" time="0.141" /><testcase classname="tests.unit.system.test_9" name="test_case_1877" time="0.202" /><testcase classname="tests.unit.system.test_9" name="test_case_1909" time="0.251" /><testcase classname="tests.unit.system.test_9" name="test_case_2028" time="0.187" /><testcase classname="tests.unit.system.test_9" name="test_case_2113" time="0.300" /><testcase classname="tests.unit.utils.test_0" name="test_case_23" time="0.251" /><testcase classname="tests.unit.utils.test_0" name="test_case_68" time="0.126" /><testcase classname="tests.unit.utils.test_0" name="test_case_249" time="0.251" /><testcase classname="tests.unit.utils.test_0" name="test_case_303" time="0.219" /><testcase classname="tests.unit.utils.test_0" name="test_case_323" time="0.234" /><testcase classname="tests.unit.utils.test_0" name="test_case_338" time="0.251" /><testcase classname="tests.unit.utils.test_0" name="test_case_387" time="0.264" /><testcase classname="tests.unit.utils.test_0" name="test_case_436" time="0.186" /><testcase classname="tests.unit.utils.test_0" name="test_case_533" time="0.280" /><testcase classname="tests.unit.utils.test_0" name="test_case_601" time="0.138" /><testcase classname="tests.unit.utils.test_0" name="test_case_773" time="0.140" /><testcase classname="tests.unit.utils.test_0" name="test_case_1078" time="0.264" /><testcase classname="tests.unit.utils.test_0" name="test_case_1133" time="0.123" /><testcase classname="tests.unit.utils.test_0" name="test_case_1552" time="0.218" /><testcase classname="tests.unit.utils.test_0" name="test_case_1600" time="0.267" /><testcase classname="tests.unit.utils.test_0" name="test_case_1644" time="0.297" /><testcase classname="tests.unit.utils.test_0" name="test_case_1971" time="0.136" /><testcase classname="tests.unit.utils.test_0" name="test_case_2047" time="0.215" /><testcase classname="tests.unit.utils.test_0" name="test_case_2158" time="0.187" /><testcase classname="tests.unit.utils.test_0" name="test_case_2232" time="0.217" /><testcase classname="tests.unit.utils.test_0" name="test_case_2248" time="0.279" /><testcase classname="tests.unit.utils.test_0" name="test_case_2314" time="0.281" /><testcase classname="tests.unit.utils.test_0" name="test_case_2435" time="0.106" /><testcase classname="tests.unit.utils.test_1" name="test_case_8" time="0.201" /><testcase classname="tests.unit.utils.test_1" name="test_case_154" time="0.157" /><testcase classname="tests.unit.utils.test_1" name="test_case_541" time="0.267" /><testcase classname="tests.unit.utils.test_1" name="test_case_577" time="0.247" /><testcase classname="tests.unit.utils.test_1" name="test_case_840" time="0.248" /><testcase classname="tests.unit.utils.test_1" name="test_case_918" time="0.139" /><testcase classname="tests.unit.utils.test_1" name="test_case_931" time="0.282" /><testcase classname="tests.unit.utils.test_1" name="test_case_954" time="0.294" /><testcase classname="tests.unit.utils.test_1" name="test_case_1050" time="0.140" /><testcase classname="tests.unit.utils.test_1" name="test_case_1200" time="0.249" /><testcase classname="tests.unit.utils.test_1" name="test_case_1422" time="0.109" /><testcase classname="tests.unit.utils.test_1" name="test_case_1454" time="0.186" /><testcase classname="tests.unit.utils.test_1" name="test_case_1724" time="0.233" /><testcase classname="tests.unit.utils.test_1" name="test_case_1760" time="0.295" /><testcase classname="tests.unit.utils.test_1" name="test_case_1869" time="0.279" /><testcase classname="tests.unit.utils.test_1" name="test_case_2046" time="0.235" /><testcase classname="tests.unit.utils.test_1" name="test_case_2161" time="0.187" /><testcase classname="tests.unit.utils.test_1" name="test_case_2162" time="0.232" /><testcase classname="tests.unit.utils.test_1" name="test_case_2173" time="0.220" /><testcase classname="tests.unit.utils.test_2" name="test_case_431" time="0.275" /><testcase classname="tests.unit.utils.test_2" name="test_case_483" time="0.296" /><testcase classname="tests.unit.utils.test_2" name="test_case_555" time="0.156" /><testcase classname="tests.unit.utils.test_2" name="test_case_593" time="0.139" /><testcase classname="tests.unit.utils.test_2" name="test_case_662" time="0.296" /><testcase classname="tests.unit.utils.test_2" name="test_case_839" time="0.233" /><testcase classname="tests.unit.utils.test_2" name="test_case_872" time="0.202" /><testcase classname="tests.unit.utils.test_2" name="test_case_1059" time="0.281" /><testcase classname="tests.unit.utils.test_2" name="test_case_1062" time="0.187" /><testcase classname="tests.unit.utils.test_2" name="test_case_1151" time="0.124" /><testcase classname="tests.unit.utils.test_2" name="test_case_1192" time="0.220" /><testcase classname="tests.unit.utils.test_2" name="test_case_1492" time="0.126" /><testcase classname="tests.unit.utils.test_2" name="test_case_1536" time="0.142" /><testcase classname="tests.unit.utils.test_2" name="test_case_1677" time="0.266" /><testcase classname="tests.unit.utils.test_2" name="test_case_1741" time="0.157" /><testcase classname="tests.unit.utils.test_2" name="test_case_1837" time="0.265" /><testcase classname="tests.unit.utils.test_2" name="test_case_2189" time="0.278" /><testcase classname="tests.unit.utils.test_2" name="test_case_2320" time="0.296" /><testcase classname="tests.unit.utils.test_2" name="test_case_2330" time="0.280" /><testcase classname="tests.unit.utils.test_2" name="test_case_2431" time="0.125" /><testcase classname="tests.unit.utils.test_2" name="test_case_2451" time="0.293" /><testcase classname="tests.unit.utils.test_2" name="test_case_2465" time="0.247" /><testcase classname="tests.unit.utils.test_3" name="test_case_43" time="0.233" /><testcase classname="tests.unit.utils.test_3" name="test_case_66" time="0.107" /><testcase classname="tests.unit.utils.test_3" name="test_case_293" time="0.204" /><testcase classname="tests.unit.utils.test_3" name="test_case_318" time="0.171" /><testcase classname="tests.unit.utils.test_3" name="test_case_320" time="0.279" /><testcase classname="tests.unit.utils.test_3" name="test_case_458" time="0.171" /><testcase classname="tests.unit.utils.test_3" name="test_case_480" time="0.170" /><testcase classname="tests.unit.utils.test_3" name="test_case_500" time="0.231" /><testcase classname="tests.unit.utils.test_3" name="test_case_719" time="0.249" /><testcase classname="tests.unit.utils.test_3" name="test_case_1042" time="0.141" /><testcase classname="tests.unit.utils.test_3" name="test_case_1069" time="0.294" /><testcase classname="tests.unit.utils.test_3" name="test_case_1205" time="0.312" /><testcase classname="tests.unit.utils.test_3" name="test_case_1224" time="0.268" /><testcase classname="tests.unit.utils.test_3" name="test_case_1433" time="0.299" /><testcase classname="tests.unit.utils.test_3" name="test_case_1439" time="0.218" /><testcase classname="tests.unit.utils.test_3" name="test_case_1663" time="0.126" /><testcase classname="tests.unit.utils.test_3" name="test_case_1785" time="0.250" /><testcase classname="tests.unit.utils.test_3" name="test_case_1790" time="0.234" /><testcase classname="tests.unit.utils.test_3" name="test_case_1814" time="0.172" /><testcase classname="tests.unit.utils.test_3" name="test_case_2218" time="0.201" /><testcase classname="tests.unit.utils.test_3" name="test_case_2374" time="0.187" /><testcase classname="tests.unit.utils.test_3" name="test_case_2396" time="0.124" /><testcase classname="tests.unit.utils.test_4" name="test_case_64" time="0.314" /><testcase classname="tests.unit.utils.test_4" name="test_case_288" time="0.203" /><testcase classname="tests.unit.utils.test_4" name="test_case_366" time="0.188" /><testcase classname="tests.unit.utils.test_4" name="test_case_375" time="0.298" /><testcase classname="tests.unit.utils.test_4" name="test_case_380" time="0.186" /><testcase classname="tests.unit.utils.test_4" name="test_case_405" time="0.218" /><testcase classname="tests.unit.utils.test_4" name="test_case_484" time="0.187" /><testcase classname="tests.unit.utils.test_4" name="test_case_699" time="0.220" /><testcase classname="tests.unit.utils.test_4" name="test_case_722" time="0.314" /><testcase classname="tests.unit.utils.test_4" name="test_case_876" time="0.109" /><testcase classname="tests.unit.utils.test_4" name="test_case_886" time="0.263" /><testcase classname="tests.unit.utils.test_4" name="test_case_902" time="0.296" /><testcase classname="tests.unit.utils.test_4" name="test_case_1145" time="0.153" /><testcase classname="tests.unit.utils.test_4" name="test_case_1242" time="0.141" /><testcase classname="tests.unit.utils.test_4" name="test_case_1317" time="0.127" /><testcase classname="tests.unit.utils.test_4" name="test_case_1400" time="0.184" /><testcase classname="tests.unit.utils.test_4" name="test_case_1526" time="0.234" /><testcase classname="tests.unit.utils.test_4" name="test_case_1612" time="0.123" /><testcase classname="tests.unit.utils.test_4" name="test_case_1771" time="0.158" /><testcase classname="tests.unit.utils.test_4" name="test_case_1893" time="0.141" /><testcase classname="tests.unit.utils.test_4" name="test_case_1933" time="0.172" /><testcase classname="tests.unit.utils.test_4" name="test_case_2068" time="0.173" /><testcase classname="tests.unit.utils.test_4" name="test_case_2077" time="0.283" /><testcase classname="tests.unit.utils.test_4" name="test_case_2184" time="0.296" /><testcase classname="tests.unit.utils.test_4" name="test_case_2419" time="0.140" /><testcase classname="tests.unit.utils.test_5" name="test_case_251" time="0.184" /><testcase classname="tests.unit.utils.test_5" name="test_case_434" time="0.265" /><testcase classname="tests.unit.utils.test_5" name="test_case_450" time="0.235" /><testcase classname="tests.unit.utils.test_5" name="test_case_616" time="0.230" /><testcase classname="tests.unit.utils.test_5" name="test_case_728" time="0.297" /><testcase classname="tests.unit.utils.test_5" name="test_case_735" time="0.248" /><testcase classname="tests.unit.utils.test_5" name="test_case_785" time="0.280" /><testcase classname="tests.unit.utils.test_5" name="test_case_1009" time="0.140" /><testcase classname="tests.unit.utils.test_5" name="test_case_1049" time="0.171" /><testcase classname="tests.unit.utils.test_5" name="test_case_1273" time="0.201" /><testcase classname="tests.unit.utils.test_5" name="test_case_1308" time="0.235" /><testcase classname="tests.unit.utils.test_5" name="test_case_1323" time="0.297" /><testcase classname="tests.unit.utils.test_5" name="test_case_1424" time="0.279" /><testcase classname="tests.unit.utils.test_5" name="test_case_1563" time="0.125" /><testcase classname="tests.unit.utils.test_5" name="test_case_1598" time="0.141" /><testcase classname="tests.unit.utils.test_5" name="test_case_1659" time="0.123" /><testcase classname="tests.unit.utils.test_5" name="test_case_1780" time="0.201" /><testcase classname="tests.unit.utils.test_5" name="test_case_1808" time="0.107" /><testcase classname="tests.unit.utils.test_5" name="test_case_1879" time="0.156" /><testcase classname="tests.unit.utils.test_5" name="test_case_1895" time="0.246" /><testcase classname="tests.unit.utils.test_5" name="test_case_1920" time="0.217" /><testcase classname="tests.unit.utils.test_5" name="test_case_1935" time="0.125" /><testcase classname="tests.unit.utils.test_5" name="test_case_2106" time="0.298" /><testcase classname="tests.unit.utils.test_5" name="test_case_2144" time="0.281" /><testcase classname="tests.unit.utils.test_5" name="test_case_2402" time="0.292" /><testcase classname="tests.unit.utils.test_6" name="test_case_168" time="0.218" /><testcase classname="tests.unit.utils.test_6" name="test_case_272" time="0.265" /><testcase classname="tests.unit.utils.test_6" name="test_case_408" time="0.140" /><testcase classname="tests.unit.utils.test_6" name="test_case_411" time="0.296" /><testcase classname="tests.unit.utils.test_6" name="test_case_492" time="0.143" /><testcase classname="tests.unit.utils.test_6" name="test_case_805" time="0.123" /><testcase classname="tests.unit.utils.test_6" name="test_case_997" time="0.253" /><testcase classname="tests.unit.utils.test_6" name="test_case_1184" time="0.204" /><testcase classname="tests.unit.utils.test_6" name="test_case_1383" time="0.142" /><testcase classname="tests.unit.utils.test_6" name="test_case_1442" time="0.221" /><testcase classname="tests.unit.utils.test_6" name="test_case_1522" time="0.284" /><testcase classname="tests.unit.utils.test_6" name="test_case_1712" time="0.251" /><testcase classname="tests.unit.utils.test_6" name="test_case_1899" time="0.190" /><testcase classname="tests.unit.utils.test_6" name="test_case_2054" time="0.249" /><testcase classname="tests.unit.utils.test_6" name="test_case_2098" time="0.141" /><testcase classname="tests.unit.utils.test_6" name="test_case_2136" time="0.154" /><testcase classname="tests.unit.utils.test_6" name="test_case_2293" time="0.123" /><testcase classname="tests.unit.utils.test_7" name="test_case_121" time="0.141" /><testcase classname="tests.unit.utils.test_7" name="test_case_351" time="0.173" /><testcase classname="tests.unit.utils.test_7" name="test_case_635" time="0.234" /><testcase classname="tests.unit.utils.test_7" name="test_case_681" time="0.254" /><testcase classname="tests.unit.utils.test_7" name="test_case_707" time="0.126" /><testcase classname="tests.unit.utils.test_7" name="test_case_973" time="0.202" /><testcase classname="tests.unit.utils.test_7" name="test_case_1075" time="0.246" /><testcase classname="tests.unit.utils.test_7" name="test_case_1198" time="0.264" /><testcase classname="tests.unit.utils.test_7" name="test_case_1438" time="0.253" /><testcase classname="tests.unit.utils.test_7" name="test_case_1520" time="0.200" /><testcase classname="tests.unit.utils.test_7" name="test_case_1705" time="0.156" /><testcase classname="tests.unit.utils.test_7" name="test_case_1756" time="0.120" /><testcase classname="tests.unit.utils.test_7" name="test_case_1765" time="0.299" /><testcase classname="tests.unit.utils.test_7" name="test_case_1875" time="0.165" /><testcase classname="tests.unit.utils.test_7" name="test_case_1930" time="0.119" /><testcase classname="tests.unit.utils.test_7" name="test_case_2282" time="0.187" /><testcase classname="tests.unit.utils.test_8" name="test_case_166" time="0.314" /><testcase classname="tests.unit.utils.test_8" name="test_case_268" time="0.300" /><testcase classname="tests.unit.utils.test_8" name="test_case_275" time="0.204" /><testcase classname="tests.unit.utils.test_8" name="test_case_307" time="0.204" /><testcase classname="tests.unit.utils.test_8" name="test_case_340" time="0.249" /><testcase classname="tests.unit.utils.test_8" name="test_case_425" time="0.237" /><testcase classname="tests.unit.utils.test_8" name="test_case_620" time="0.156" /><testcase classname="tests.unit.utils.test_8" name="test_case_672" time="0.310" /><testcase classname="tests.unit.utils.test_8" name="test_case_1245" time="0.252" /><testcase classname="tests.unit.utils.test_8" name="test_case_1272" time="0.236" /><testcase classname="tests.unit.utils.test_8" name="test_case_1642" time="0.235" /><testcase classname="tests.unit.utils.test_8" name="test_case_1688" time="0.204" /><testcase classname="tests.unit.utils.test_8" name="test_case_1704" time="0.297" /><testcase classname="tests.unit.utils.test_8" name="test_case_1789" time="0.235" /><testcase classname="tests.unit.utils.test_8" name="test_case_1802" time="0.172" /><testcase classname="tests.unit.utils.test_8" name="test_case_1950" time="0.108" /><testcase classname="tests.unit.utils.test_8" name="test_case_1978" time="0.252" /><testcase classname="tests.unit.utils.test_8" name="test_case_2385" time="0.202" /><testcase classname="tests.unit.utils.test_8" name="test_case_2469" time="0.171" /><testcase classname="tests.unit.utils.test_9" name="test_case_264" time="0.122" /><testcase classname="tests.unit.utils.test_9" name="test_case_310" time="0.140" /><testcase classname="tests.unit.utils.test_9" name="test_case_315" time="0.280" /><testcase classname="tests.unit.utils.test_9" name="test_case_383" time="0.265" /><testcase classname="tests.unit.utils.test_9" name="test_case_494" time="0.202" /><testcase classname="tests.unit.utils.test_9" name="test_case_585" time="0.215" /><testcase classname="tests.unit.utils.test_9" name="test_case_822" time="0.172" /><testcase classname="tests.unit.utils.test_9" name="test_case_848" time="0.309" /><testcase classname="tests.unit.utils.test_9" name="test_case_905" time="0.266" /><testcase classname="tests.unit.utils.test_9" name="test_case_1003" time="0.140" /><testcase classname="tests.unit.utils.test_9" name="test_case_1271" time="0.297" /><testcase classname="tests.unit.utils.test_9" name="test_case_1302" time="0.201" /><testcase classname="tests.unit.utils.test_9" name="test_case_1361" time="0.141" /><testcase classname="tests.unit.utils.test_9" name="test_case_1502" time="0.109" /><testcase classname="tests.unit.utils.test_9" name="test_case_1608" time="0.218" /><testcase classname="tests.unit.utils.test_9" name="test_case_2049" time="0.127" /><testcase classname="tests.unit.utils.test_9" name="test_case_2074" time="0.201" /><testcase classname="tests.unit.utils.test_9" name="test_case_2275" time="0.298" /><testcase classname="tests.unit.utils.test_9" name="test_case_2368" time="0.154" /></testsuite></testsuites>